<?xml version="1.0" encoding="UTF-8"?>
<testsuites name="Create New User" time="8.082" tests="1" failures="0" errors="0">
   <testsuite name="Create New User" tests="1" failures="0" errors="0" time="8.082" skipped="0" timestamp="2021-09-16 09:22:19" hostname="Bughdady - Bughdady.mshome.net" id="Test Suites/Create New User">
      <properties>
         <property name="deviceName" value=""/>
         <property name="devicePlatform" value=""/>
         <property name="logFolder" value="C:\\Users\\Bughdady\\Katalon Studio\\Test\\Reports\\20210916_092205\\Create New User\\20210916_092205"/>
         <property name="logFiles" value="C:\\Users\\Bughdady\\Katalon Studio\\Test\\Reports\\20210916_092205\\Create New User\\20210916_092205\\execution0.log"/>
         <property name="attachments" value=""/>
         <property name="hostName" value="Bughdady - Bughdady.mshome.net"/>
         <property name="hostAddress" value="192.168.137.1"/>
         <property name="os" value="Windows 10 64bit"/>
         <property name="katalonVersion" value="8.0.5.208"/>
      </properties>
      <testcase name="Test Cases/Users/Create New User" time="6.334" classname="Test Cases/Users/Create New User" status="PASSED">
         <system-out><![CDATA[2021-09-16 09:22:20 - [TEST_CASE][PASSED] - Test Cases/Users/Create New User: Test Cases/Users/Create New User

2021-09-16 09:22:21 - [TEST_STEP][PASSED] - response = sendRequest(findTestObject("Users/Create New User")): Send request successfully

2021-09-16 09:22:26 - [MESSAGE][INFO] - HAR: C:\Users\Bughdady\Katalon Studio\Test\Reports\20210916_092205\Create New User\20210916_092205\requests\main\0.har

2021-09-16 09:22:26 - [MESSAGE][PASSED] - Send request successfully

2021-09-16 09:22:26 - [TEST_STEP][PASSED] - verifyResponseStatusCode(response, 201): Verify response status code successfully

2021-09-16 09:22:26 - [MESSAGE][PASSED] - Verify response status code successfully

2021-09-16 09:22:26 - [TEST_STEP][PASSED] - jsonResponseText = response.getResponseText(): null

2021-09-16 09:22:26 - [TEST_STEP][PASSED] - println(jsonResponseText): null

2021-09-16 09:22:26 - [TEST_STEP][PASSED] - slurper = new groovy.json.JsonSlurper(): null

2021-09-16 09:22:27 - [TEST_STEP][PASSED] - result = slurper.parseText(jsonResponseText): null

2021-09-16 09:22:27 - [TEST_STEP][PASSED] - assert name == "Bughdady": null

2021-09-16 09:22:27 - [TEST_STEP][PASSED] - assert job == "Tester": null]]></system-out>
         <system-err><![CDATA[]]></system-err>
      </testcase>
      <system-out><![CDATA[2021-09-16 09:22:19 - [TEST_SUITE][PASSED] - Create New User: Test Cases/Users/Create New User]]></system-out>
      <system-err><![CDATA[]]></system-err>
   </testsuite>
</testsuites>
